<<<<<<< Updated upstream
2015-Jan-21 23:25:22 +0700 Arie-PC INFO [zenblogv2.handler] - zenblogv2 started successfully
=======
2015-Jan-22 18:14:02 +0700 QuestMac.local INFO [zenblogv2.handler] - zenblogv2 started successfully
2015-Jan-22 18:15:31 +0700 QuestMac.local INFO [zenblogv2.handler] - zenblogv2 is shutting down...
2015-Jan-22 18:15:31 +0700 QuestMac.local INFO [zenblogv2.handler] - shutdown complete!

2015-Jan-22 22:46:00 +0700 Arie-PC INFO [zenblogv2.handler] - zenblogv2 started successfully
2015-Jan-22 23:44:52 +0700 Arie-PC INFO [zenblogv2.handler] - zenblogv2 started successfully
2015-Jan-23 00:36:44 +0700 Arie-PC INFO [zenblogv2.handler] - zenblogv2 started successfully
2015-Jan-23 00:39:18 +0700 Arie-PC INFO [zenblogv2.handler] - zenblogv2 started successfully
2015-Jan-23 00:43:58 +0700 Arie-PC INFO [zenblogv2.handler] - zenblogv2 started successfully
2015-Jan-23 00:48:39 +0700 Arie-PC INFO [zenblogv2.handler] - zenblogv2 started successfully
2015-Jan-23 00:50:28 +0700 Arie-PC INFO [zenblogv2.handler] - zenblogv2 started successfully
2015-Jan-23 02:47:48 +0700 Arie-PC INFO [zenblogv2.handler] - zenblogv2 started successfully
2015-Jan-23 02:49:50 +0700 Arie-PC INFO [zenblogv2.handler] - zenblogv2 started successfully
2015-Jan-24 06:41:11 +0700 Arie-PC INFO [zenblogv2.handler] - zenblogv2 started successfully
2015-Jan-24 06:42:08 +0700 Arie-PC INFO [zenblogv2.handler] - zenblogv2 started successfully
2015-Jan-26 06:12:35 +0700 Arie-PC INFO [zenblogv2.handler] - zenblogv2 started successfully
2015-Jan-28 06:51:18 +0700 Arie-PC INFO [zenblogv2.handler] - zenblogv2 started successfully
=======
2015-Jan-19 19:06:20 +0700 Arie-PC INFO [zenblogv2.handler] - zenblogv2 started successfully
2015-Jan-19 19:20:07 +0700 Arie-PC INFO [zenblogv2.handler] - zenblogv2 started successfully
2015-Jan-19 19:30:38 +0700 Arie-PC INFO [zenblogv2.handler] - zenblogv2 started successfully
2015-Jan-19 19:41:31 +0700 Arie-PC INFO [zenblogv2.handler] - zenblogv2 started successfully
2015-Jan-20 03:17:39 +0700 Arie-PC INFO [zenblogv2.handler] - zenblogv2 started successfully
2015-Jan-20 18:25:44 +0700 Arie-PC INFO [zenblogv2.handler] - zenblogv2 started successfully
2015-Jan-21 03:01:21 +0700 Arie-PC INFO [zenblogv2.handler] - zenblogv2 started successfully
2015-Jan-21 18:45:16 +0700 Arie-PC INFO [zenblogv2.handler] - zenblogv2 started successfully
2015-Jan-21 21:43:38 +0700 Arie-PC INFO [zenblogv2.handler] - zenblogv2 started successfully
2015-Jan-21 22:59:11 +0700 Arie-PC INFO [zenblogv2.handler] - zenblogv2 started successfully
2015-Jan-22 18:14:02 +0700 QuestMac.local INFO [zenblogv2.handler] - zenblogv2 started successfully
2015-Jan-22 18:15:31 +0700 QuestMac.local INFO [zenblogv2.handler] - zenblogv2 is shutting down...
2015-Jan-22 18:15:31 +0700 QuestMac.local INFO [zenblogv2.handler] - shutdown complete!
>>>>>>> Stashed changes
2015-Jan-30 00:19:57 +0700 QuestMac.local INFO [zenblogv2.handler] - zenblogv2 started successfully
2015-Jan-30 00:24:54 +0700 QuestMac.local INFO [zenblogv2.handler] - zenblogv2 is shutting down...
2015-Jan-30 00:24:54 +0700 QuestMac.local INFO [zenblogv2.handler] - shutdown complete!
2015-Feb-11 21:34:54 +0700 Arie-PC INFO [zenblogv2.handler] - zenblogv2 started successfully
2015-Feb-11 21:37:05 +0700 Arie-PC INFO [zenblogv2.handler] - zenblogv2 started successfully
2015-Feb-17 02:21:37 +0700 Arie-PC INFO [zenblogv2.handler] - zenblogv2 started successfully
2015-Feb-18 18:19:47 +0700 Arie-PC INFO [zenblogv2.handler] - zenblogv2 started successfully
2015-Mar-04 15:26:34 +0700 Arie-PC INFO [zenblogv2.handler] - zenblogv2 started successfully
2015-Mar-06 00:07:45 +0700 Arie-PC INFO [zenblogv2.handler] - zenblogv2 started successfully
2015-Mar-06 05:41:19 +0700 Arie-PC INFO [zenblogv2.handler] - zenblogv2 started successfully
2015-Mar-06 18:34:36 +0700 Arie-PC INFO [zenblogv2.handler] - zenblogv2 is shutting down...
2015-Mar-06 18:34:38 +0700 Arie-PC INFO [zenblogv2.handler] - shutdown complete!
2015-Mar-06 18:35:21 +0700 Arie-PC INFO [zenblogv2.handler] - zenblogv2 started successfully
2015-Mar-06 18:37:15 +0700 Arie-PC INFO [zenblogv2.handler] - zenblogv2 started successfully
2015-Mar-06 19:01:12 +0700 Arie-PC INFO [zenblogv2.handler] - zenblogv2 started successfully
2015-Mar-06 19:26:14 +0700 Arie-PC INFO [zenblogv2.handler] - zenblogv2 started successfully
2015-Mar-06 19:29:44 +0700 Arie-PC INFO [zenblogv2.handler] - zenblogv2 started successfully
2015-Mar-06 20:22:22 +0700 Arie-PC INFO [zenblogv2.handler] - zenblogv2 is shutting down...
2015-Mar-06 20:22:23 +0700 Arie-PC INFO [zenblogv2.handler] - shutdown complete!
2015-Mar-06 20:24:16 +0700 Arie-PC INFO [zenblogv2.handler] - zenblogv2 started successfully
2015-Mar-06 20:30:49 +0700 Arie-PC INFO [zenblogv2.handler] - zenblogv2 started successfully
2015-Mar-06 20:34:07 +0700 Arie-PC INFO [zenblogv2.handler] - zenblogv2 started successfully
2015-Mar-06 20:37:53 +0700 Arie-PC INFO [zenblogv2.handler] - zenblogv2 started successfully
2015-Mar-06 20:48:37 +0700 Arie-PC INFO [zenblogv2.handler] - zenblogv2 started successfully
2015-Mar-06 20:56:14 +0700 Arie-PC INFO [zenblogv2.handler] - zenblogv2 started successfully
2015-Mar-06 21:24:47 +0700 Arie-PC INFO [zenblogv2.handler] - zenblogv2 started successfully
2015-Mar-06 21:37:39 +0700 Arie-PC INFO [zenblogv2.handler] - zenblogv2 started successfully
2015-Mar-06 21:40:50 +0700 Arie-PC INFO [zenblogv2.handler] - zenblogv2 started successfully
2015-Mar-10 10:55:06 +0700 Arie-PC INFO [zenblogv2.handler] - zenblogv2 started successfully
2015-Mar-10 13:34:48 +0700 Arie-PC INFO [zenblogv2.handler] - zenblogv2 is shutting down...
2015-Mar-10 13:34:49 +0700 Arie-PC INFO [zenblogv2.handler] - shutdown complete!
2015-Mar-10 13:35:47 +0700 Arie-PC INFO [zenblogv2.handler] - zenblogv2 started successfully
2015-Mar-10 14:32:44 +0700 Arie-PC INFO [zenblogv2.handler] - zenblogv2 started successfully
2015-Mar-10 15:40:06 +0700 Arie-PC INFO [zenblogv2.handler] - zenblogv2 is shutting down...
2015-Mar-10 15:40:07 +0700 Arie-PC INFO [zenblogv2.handler] - shutdown complete!
2015-Mar-10 15:40:46 +0700 Arie-PC INFO [zenblogv2.handler] - zenblogv2 started successfully
2015-Mar-10 15:46:40 +0700 Arie-PC INFO [zenblogv2.handler] - zenblogv2 started successfully
2015-Mar-10 15:49:36 +0700 Arie-PC INFO [zenblogv2.handler] - zenblogv2 started successfully
2015-Mar-10 17:09:16 +0700 Arie-PC INFO [zenblogv2.handler] - zenblogv2 started successfully
2015-Mar-10 19:58:04 +0700 Arie-PC INFO [zenblogv2.handler] - zenblogv2 is shutting down...
2015-Mar-10 19:58:05 +0700 Arie-PC INFO [zenblogv2.handler] - shutdown complete!
2015-Mar-10 19:58:54 +0700 Arie-PC INFO [zenblogv2.handler] - zenblogv2 started successfully
